<?xml version="1.0" encoding="UTF-8"?>
<testsuite xmlns:xsi="http://www.w3.org/2001/XMLSchema-instance" xsi:noNamespaceSchemaLocation="https://maven.apache.org/surefire/maven-surefire-plugin/xsd/surefire-test-report-3.0.xsd" version="3.0" name="TestSuite" time="52.419" tests="6" errors="0" skipped="2" failures="1">
  <properties>
[...]
</properties>
  <testcase name="openApp[http://localhost:4444/wd/hub, firefox](0)" classname="script.ValidLogin" time="7.212">
    <failure message="Process unexpectedly closed with status 0&#10;Build info: version: &apos;3.141.59&apos;, revision: &apos;e82be7d358&apos;, time: &apos;2018-11-14T08:25:53&apos;&#10;System info: host: &apos;BLRLW9561&apos;, ip: &apos;10.80.201.166&apos;, os.name: &apos;Windows 10&apos;, os.arch: &apos;amd64&apos;, os.version: &apos;10.0&apos;, java.version: &apos;1.8.0_191&apos;&#10;Driver info: driver.version: unknown&#10;remote stacktrace: &#10;Command duration or timeout: 4.93 seconds" type="org.openqa.selenium.WebDriverException"><![CDATA[org.openqa.selenium.WebDriverException: 
Process unexpectedly closed with status 0
Build info: version: '3.141.59', revision: 'e82be7d358', time: '2018-11-14T08:25:53'
System info: host: 'BLRLW9561', ip: '10.80.201.166', os.name: 'Windows 10', os.arch: 'amd64', os.version: '10.0', java.version: '1.8.0_191'
Driver info: driver.version: unknown
remote stacktrace: 
Command duration or timeout: 4.93 seconds
Caused by: org.openqa.selenium.WebDriverException: 
Process unexpectedly closed with status 0
Build info: version: '3.141.59', revision: 'e82be7d358', time: '2018-11-14T08:25:53'
System info: host: 'BLRLW9561', ip: '10.80.201.166', os.name: 'Windows 10', os.arch: 'amd64', os.version: '10.0', java.version: '1.8.0_191'
Driver info: driver.version: unknown
remote stacktrace: 
Build info: version: '3.141.59', revision: 'e82be7d358', time: '2018-11-14T08:17:03'
System info: host: 'BLRLW9561', ip: '10.80.201.166', os.name: 'Windows 10', os.arch: 'amd64', os.version: '10.0', java.version: '1.8.0_191'
Driver info: driver.version: unknown
]]></failure>
    <system-out><![CDATA[[TestNGContentHandler] [WARN] It is strongly recommended to add "<!DOCTYPE suite SYSTEM "http://testng.org/testng-1.0.dtd" >" at the top of your file, otherwise TestNG may fail or not work as expected.
]]></system-out>
    <system-err><![CDATA[Oct 19, 2021 8:58:11 AM org.openqa.selenium.remote.ProtocolHandshake createSession
INFO: Detected dialect: W3C
]]></system-err>
  </testcase>
  <testcase name="testValidLogin" classname="script.ValidLogin" time="0">
    <skipped message="Process unexpectedly closed with status 0&#10;Build info: version: &apos;3.141.59&apos;, revision: &apos;e82be7d358&apos;, time: &apos;2018-11-14T08:25:53&apos;&#10;System info: host: &apos;BLRLW9561&apos;, ip: &apos;10.80.201.166&apos;, os.name: &apos;Windows 10&apos;, os.arch: &apos;amd64&apos;, os.version: &apos;10.0&apos;, java.version: &apos;1.8.0_191&apos;&#10;Driver info: driver.version: unknown&#10;remote stacktrace: &#10;Command duration or timeout: 4.93 seconds"/>
  </testcase>
  <testcase name="testValidLogin" classname="script.ValidLogin" time="4.234"/>
  <testcase name="closeApp" classname="script.ValidLogin" time="0">
    <skipped/>
  </testcase>
  <testcase name="testInvalidLogin" classname="script.InvalidLogin" time="3.874">
    <system-err><![CDATA[Oct 19, 2021 8:58:19 AM org.openqa.selenium.remote.ProtocolHandshake createSession
INFO: Detected dialect: W3C
]]></system-err>
  </testcase>
  <testcase name="testInvalidLogin" classname="script.InvalidLogin" time="2.508">
    <system-err><![CDATA[Oct 19, 2021 8:58:41 AM org.openqa.selenium.remote.ProtocolHandshake createSession
INFO: Detected dialect: W3C
]]></system-err>
  </testcase>
</testsuite>